State n. |  orientation | Speed | Steer | location(x,y) |NearPoint  | distance |controlerlocation 
[60.0, 7.5]  |   28.197306602660078  |[31.913738250732422, 4.9999998807907104] |[60.0, 7.5] | 27.072329101562502 | [30.  37.5 45.  52.5 60. ] | [60.0, 7.5]
0    |2.0588205277144046e-10   | 96.6868896484375  |-1.0978717934762017e-12   |[4.9999998807907104, 31.913738250732422]  |[60.0, 7.5]  |   26.32409389693207  |[33.79488754272461, 4.9999998807907104] |[67.5, 7.5] | 26.33608367919922 | [60.  67.5 75.  82.5 90. ] | [60.0, 7.5]
1    |-5.2233610503103747e-11   | 94.05744171142578  |9.543724144300825e-10   |[4.9999998807907104, 33.79488754272461]  |[60.0, 7.5]  |   24.50441392413922  |[35.62344741821289, 5.000002801418304] |[67.5, 7.5] | 25.59983398437504 | [60.  67.5 75.  82.5 90. ] | [60.0, 7.5]
2    |-0.0003588040959668956   | 91.42797851562513  |-0.5999999865889549   |[5.000002801418304, 35.62344741821289]  |[60.0, 7.5]  |   22.73843541034846  |[37.399417877197266, 4.999973475933075] |[67.5, 7.5] | 24.863586429532138 | [60.  67.5 75.  82.5 90. ] | [60.0, 7.5]
3    |-0.0005504025797515341   | 88.79852296261477  |-1.199999675154686   |[4.999973475933075, 37.399417877197266]  |[60.0, 7.5]  |   21.026371433512356  |[39.122798919677734, 4.999845862388611] |[67.5, 7.5] | 24.127345339846144 | [60.  67.5 75.  82.5 90. ] | [60.0, 7.5]
4    |-0.00026520166515004297   | 86.1690904994505  |-1.799999624490738   |[4.999845862388611, 39.122798919677734]  |[60.0, 7.5]  |   19.368489865083134  |[40.79359531402588, 4.999516308307648] |[67.5, 7.5] | 23.391113099147024 | [60.  67.5 75.  82.5 90. ] | [60.0, 7.5]
5    |0.0011494418610167826   | 83.53968963981079  |-2.3999997973442078   |[4.999516308307648, 40.79359531402588]  |[60.0, 7.5]  |   17.76514920248907  |[42.4118013381958, 4.998841464519501] |[67.5, 7.5] | 22.65489899179684 | [60.  67.5 75.  82.5 90. ] | [60.0, 7.5]
6    |0.003904824908081579   | 80.91035354213157  |-2.999999523162842   |[4.998841464519501, 42.4118013381958]  |[60.0, 7.5]  |   16.216802521926528  |[43.977426528930664, 4.997636437416077] |[67.5, 7.5] | 21.918730390818226 | [60.  67.5 75.  82.5 90. ] | [60.0, 7.5]
7    |0.009061777755672126   | 78.28117996720795  |-3.5999995470046997   |[4.997636437416077, 43.977426528930664]  |[60.0, 7.5]  |   14.72406487468297  |[45.49047088623047, 4.995673477649689] |[67.5, 7.5] | 21.18263859294225 | [60.  67.5 75.  82.5 90. ] | [60.0, 7.5]
8    |0.017466026530147446   | 75.65228068907946  |-4.199999570846558   |[4.995673477649689, 45.49047088623047]  |[60.0, 7.5]  |   13.287759800531514  |[46.95094299316406, 4.992676377296448] |[67.5, 7.5] | 20.4466770609225 | [60.  67.5 75.  82.5 90. ] | [60.0, 7.5]
9    |0.031564652733070464   | 73.02384664615178  |-4.199999570846558   |[4.992676377296448, 46.95094299316406]  |[60.0, 7.5]  |   11.90898724743517  |[48.35885238647461, 4.988494575023651] |[75.0, 7.5] | 19.710814043130856 | [60.  67.5 75.  82.5 90. ] | [60.0, 7.5]
10    |0.05053768754515159   | 70.39576443975305  |-4.199999272823334   |[4.988494575023651, 48.35885238647461]  |[60.0, 7.5]  |   10.589295782431241  |[49.714200019836426, 4.982957303524017] |[75.0, 7.5] | 18.97507477309654 | [60.  67.5 75.  82.5 90. ] | [60.0, 7.5]
11    |0.07601793829685005   | 67.7681241896305  |-4.199999570846558   |[4.982957303524017, 49.714200019836426]  |[60.0, 7.5]  |   9.3308903917262  |[51.01699924468994, 4.975873827934265] |[75.0, 7.5] | 18.23949209326145 | [60.  67.5 75.  82.5 90. ] | [60.0, 7.5]
12    |0.10899827702667847   | 65.14104319021946  |-4.199999272823334   |[4.975873827934265, 51.01699924468994]  |[60.0, 7.5]  |   8.137029820023287  |[52.26725769042969, 4.967027306556702] |[75.0, 7.5] | 17.50411650213012 | [60.  67.5 75.  82.5 90. ] | [60.0, 7.5]
13    |0.15988242949047288   | 62.514701793321855  |-4.199999272823334   |[4.967027306556702, 52.26725769042969]  |[60.0, 7.5]  |   7.012662885282804  |[53.46499061584473, 4.956165671348572] |[75.0, 7.5] | 16.76900666291666 | [60.  67.5 75.  82.5 90. ] | [60.0, 7.5]
14    |0.21331961820089856   | 59.88930951041664  |-3.599999248981476   |[4.956165671348572, 53.46499061584473]  |[60.0, 7.5]  |   5.965451778586322  |[54.61018657684326, 4.94333690404892] |[75.0, 7.5] | 16.033867587909633 | [60.  67.5 75.  82.5 90. ] | [60.0, 7.5]
15    |0.2682123622475457   | 57.26381281396297  |-2.999999225139618   |[4.94333690404892, 54.61018657684326]  |[60.0, 7.5]  |   5.007757224141181  |[55.702836990356445, 4.928614675998688] |[75.0, 7.5] | 15.298673658328543 | [60.  67.5 75.  82.5 90. ] | [60.0, 7.5]
16    |0.331807543137934   | 54.63812020831622  |-2.399999648332596   |[4.928614675998688, 55.702836990356445]  |[60.0, 7.5]  |   4.160009160805326  |[56.742929458618164, 4.912111341953278] |[75.0, 7.5] | 14.563394321801477 | [60.  67.5 75.  82.5 90. ] | [60.0, 7.5]
17    |0.400235232736655   | 52.012122577862414  |-1.7999997735023499   |[4.912111341953278, 56.742929458618164]  |[60.0, 7.5]  |   3.4557390099518983  |[57.73045539855957, 4.893987834453583] |[75.0, 7.5] | 13.828010937817622 | [60.  67.5 75.  82.5 90. ] | [60.0, 7.5]
18    |0.4720154954312646   | 49.38575334934865  |-1.2000000476837158   |[4.893987834453583, 57.73045539855957]  |[60.0, 7.5]  |   2.945258096488355  |[58.6654052734375, 4.874471068382263] |[75.0, 7.5] | 13.09252471577721 | [60.  67.5 75.  82.5 90. ] | [60.0, 7.5]
19    |0.5429788054166236   | 46.75901684206146  |-0.6000003218650818   |[4.874471068382263, 58.6654052734375]  |[60.0, 7.5]  |   2.6844836402913246  |[59.547776222229004, 4.853880941867828] |[75.0, 7.5] | 12.35699127432134 | [60.  67.5 75.  82.5 90. ] | [60.0, 7.5]
20    |0.616113201807394   | 44.13211169400478  |-4.470348358154297e-07   |[4.853880941867828, 59.547776222229004]  |[90.0, 7.5]  |   29.742263979730396  |[60.37758255004883, 4.832669675350189] |[75.0, 7.499999999999997] | 11.621572334267592 | [60.  67.5 75.  82.5 90. ] | [90.0, 7.5]
21    |0.6792024407700266   | 41.50561547952711  |0.5999993160367012   |[4.832669675350189, 60.37758255004883]  |[90.0, 7.5]  |   28.97013817313286  |[61.15488243103027, 4.8114877343177795] |[75.0, 7.499999999999997] | 10.88664486066137 | [60.  67.5 75.  82.5 90. ] | [90.0, 7.5]
22    |0.74666889122237   | 38.88087450236203  |1.199999377131462   |[4.8114877343177795, 61.15488243103027]  |[90.0, 7.5]  |   28.25035997188472  |[61.879798889160156, 4.791286647319794] |[75.0, 7.499999999999997] | 10.153046917102161 | [60.  67.5 75.  82.5 90. ] | [90.0, 7.5]
23    |0.7799708116389892   | 36.26088184679343  |1.799999177455902   |[4.791286647319794, 61.879798889160156]  |[90.0, 7.5]  |   27.599394835191717  |[62.53531837463379, 4.776425421237946] |[75.0, 7.499999999999997] | 9.179634380811963 | [60.  67.5 75.  82.5 90. ] | [90.0, 7.5]
24    |0.7778743068431673   | 32.784408502899865  |2.399999052286148   |[4.776425421237946, 62.53531837463379]  |[90.0, 7.5]  |   27.01553888696816  |[63.1226282119751, 4.771222412586212] |[75.0, 7.499999999999997] | 8.221987944031968 | [60.  67.5 75.  82.5 90. ] | [90.0, 7.5]
25    |0.716938699147456   | 29.364242657257023  |2.999999523162842   |[4.771222412586212, 63.1226282119751]  |[90.0, 7.5]  |   26.494800128095566  |[63.644874572753906, 4.783053636550903] |[75.0, 7.499999999999997] | 7.311374186667033 | [60.  67.5 75.  82.5 90. ] | [90.0, 7.5]
26    |0.5483375392465255   | 26.112050666667972  |3.600001335144043   |[4.783053636550903, 63.644874572753906]  |[90.0, 7.5]  |   26.023929045755963  |[64.11400508880615, 4.824154257774353] |[75.0, 7.499999999999997] | 6.588339238016706 | [60.  67.5 75.  82.5 90. ] | [90.0, 7.5]
27    |0.24685402351412544   | 23.529782992916807  |4.200012683868408   |[4.824154257774353, 64.11400508880615]  |[90.0, 7.5]  |   25.562462482554636  |[64.56997871398926, 4.9012492299079895] |[75.0, 7.499999999999997] | 6.4678446655848845 | [60.  67.5 75.  82.5 90. ] | [90.0, 7.5]
28    |-0.07302093591572789   | 23.099445234231727  |4.200024902820587   |[4.9012492299079895, 64.56997871398926]  |[90.0, 7.5]  |   25.10555091299407  |[65.01908683776855, 5.00146758556366] |[75.0, 7.499999999999997] | 6.434913867516914 | [60.  67.5 75.  82.5 90. ] | [90.0, 7.5]
29    |-0.4172827637716445   | 22.981835241131833  |4.200040698051453   |[5.00146758556366, 65.01908683776855]  |[90.0, 7.5]  |   24.653477756648797  |[65.46143054962158, 5.12248557806015] |[75.0, 7.499999999999997] | 6.412865009239019 | [60.  67.5 75.  82.5 90. ] | [90.0, 7.5]
30    |-0.8867918839404674   | 22.90308931871078  |3.600059151649475   |[5.12248557806015, 65.46143054962158]  |[90.0, 7.5]  |   24.202319167663198  |[65.90221786499023, 5.252968788146973] |[75.0, 7.499999999999997] | 6.429944299504148 | [60.  67.5 75.  82.5 90. ] | [90.0, 7.5]
31    |-1.1989807700496649   | 22.964086783943383  |3.000071942806244   |[5.252968788146973, 65.90221786499023]  |[90.0, 7.5]  |   23.751340949334168  |[66.34255981445312, 5.3900898694992065] |[60.0, 7.499999999999998] | 6.452234853640074 | [60.  67.5 75.  82.5 90. ] | [90.0, 7.5]
32    |-1.4862179883856677   | 23.043695905857405  |2.400081902742386   |[5.3900898694992065, 66.34255981445312]  |[90.0, 7.5]  |   23.30041180572483  |[66.78287887573242, 5.531630873680115] |[60.0, 7.499999999999998] | 6.472065643441379 | [60.  67.5 75.  82.5 90. ] | [90.0, 7.5]
33    |-1.7584111172596615   | 23.11452015514778  |1.8000881373882294   |[5.531630873680115, 66.78287887573242]  |[90.0, 7.5]  |   22.84907318237068  |[67.22391128540039, 5.6751909255981445] |[60.0, 7.499999999999998] | 6.491414760313811 | [60.  67.5 75.  82.5 90. ] | [90.0, 7.5]
34    |-1.9798944315953613   | 23.183624143977895  |2.4000918865203857   |[5.6751909255981445, 67.22391128540039]  |[90.0, 7.5]  |   22.406198474185956  |[67.65520858764648, 5.842282652854919] |[60.0, 7.499999999999998] | 6.47235308209159 | [60.  67.5 75.  82.5 90. ] | [90.0, 7.5]
35    |-2.2656115826770735   | 23.115546721755678  |3.00010085105896   |[5.842282652854919, 67.65520858764648]  |[90.0, 7.5]  |   21.976099567740178  |[68.07269096374512, 6.036418557167053] |[60.0, 7.499999999999998] | 6.441353787783342 | [60.  67.5 75.  82.5 90. ] | [90.0, 7.5]
36    |-2.573972937954628   | 23.004834956369077  |3.6001119017601013   |[6.036418557167053, 68.07269096374512]  |[90.0, 7.5]  |   21.56259269493687  |[68.4731674194336, 6.258677005767822] |[60.0, 7.499999999999998] | 6.40601463716588 | [60.  67.5 75.  82.5 90. ] | [90.0, 7.5]
37    |-2.943384585803975   | 22.878623704163854  |4.200129210948944   |[6.258677005767822, 68.4731674194336]  |[90.0, 7.5]  |   21.170739737168212  |[68.85244369506836, 6.509503483772278] |[60.0, 7.499999999999998] | 6.357771309648037 | [60.  67.5 75.  82.5 90. ] | [90.0, 7.5]
38    |-3.477793834689968   | 22.706326105885843  |4.200155138969421   |[6.509503483772278, 68.85244369506836]  |[90.0, 7.5]  |   20.79617334275659  |[69.21627998352051, 6.780411243438721] |[60.0, 7.499999999999998] | 6.342467131218332 | [60.  67.5 75.  82.5 90. ] | [90.0, 7.5]
39    |-3.890535627037301   | 22.651668325779756  |4.200178384780884   |[6.780411243438721, 69.21627998352051]  |[90.0, 7.5]  |   20.440216349413223  |[69.56430244445801, 7.070221185684204] |[60.0, 7.499999999999998] | 6.331860424818994 | [60.  67.5 75.  82.5 90. ] | [90.0, 7.5]
40    |-4.312303592823063   | 22.613787231496406  |3.600205183029175   |[7.070221185684204, 69.56430244445801]  |[90.0, 7.5]  |   20.094732504334875  |[69.90568733215332, 7.370104551315308] |[60.0, 7.499999999999998] | 6.355005218842808 | [60.  67.5 75.  82.5 90. ] | [90.0, 7.5]
41    |-4.706296611135534   | 22.696447210152883  |3.0002224445343018   |[7.370104551315308, 69.90568733215332]  |[90.0, 7.5]  |   19.757938890779148  |[70.24285888671875, 7.677550673484802] |[60.0, 7.499999999999998] | 6.383267765061602 | [60.  67.5 75.  82.5 90. ] | [90.0, 7.5]
42    |-5.17394713104516   | 22.797384875220004  |2.4002349376678467   |[7.677550673484802, 70.24285888671875]  |[90.0, 7.5]  |   19.428974538743066  |[70.57721328735352, 7.9903141260147095] |[60.0, 7.499999999999998] | 6.406375372827613 | [60.  67.5 75.  82.5 90. ] | [90.0, 7.5]
43    |-5.451195200380872   | 22.8799120458129  |1.8002426624298096   |[7.9903141260147095, 70.57721328735352]  |[90.0, 7.5]  |   19.10645148265767  |[70.91056823730469, 8.306277394294739] |[60.0, 7.499999999999998] | 6.42812637564821 | [60.  67.5 75.  82.5 90. ] | [90.0, 7.5]
44    |-5.687405135510793   | 22.957594198743607  |1.2002474069595337   |[8.306277394294739, 70.91056823730469]  |[90.0, 7.5]  |   18.788972062579496  |[71.2446231842041, 8.62308132648468] |[60.0, 7.499999999999998] | 6.444425532638936 | [60.  67.5 75.  82.5 90. ] | [90.0, 7.5]
45    |-5.867567117273771   | 23.015805473710486  |0.6002497673034668   |[8.62308132648468, 71.2446231842041]  |[90.0, 7.5]  |   18.474840593838305  |[71.58122634887695, 8.93823230266571] |[60.0, 7.499999999999998] | 6.455165738330902 | [60.  67.5 75.  82.5 90. ] | [90.0, 7.5]
46    |-6.032439409739317   | 23.054163351181792  |0.0002497434616088867   |[8.93823230266571, 71.58122634887695]  |[90.0, 7.5]  |   18.16222203605233  |[71.92219161987305, 9.249043583869934] |[60.0, 7.499999999999998] | 6.459161581621366 | [60.  67.5 75.  82.5 90. ] | [90.0, 7.5]
47    |-6.097990318121055   | 23.068434220076306  |-0.599750280380249   |[9.249043583869934, 71.92219161987305]  |[90.0, 7.5]  |   17.8491291513683  |[72.26928901672363, 9.552632331848145] |[60.0, 7.499999999999998] | 6.455902223853096 | [60.  67.5 75.  82.5 90. ] | [90.0, 7.5]
48    |-6.107247966336359   | 23.056793656618197  |-1.1997497081756592   |[9.552632331848145, 72.26928901672363]  |[90.0, 7.5]  |   17.533477679487685  |[72.62416648864746, 9.845900535583496] |[60.0, 7.499999999999998] | 6.444894977627602 | [60.  67.5 75.  82.5 90. ] | [90.0, 7.5]
49    |-6.05858703826837   | 23.017482062955718  |-1.799749732017517   |[9.845900535583496, 72.62416648864746]  |[90.0, 7.5]  |   17.213186178071403  |[72.98822784423828, 10.125525951385498] |[60.0, 7.499999999999998] | 6.42577922854686 | [60.  67.5 75.  82.5 90. ] | [90.0, 7.5]
50    |-5.949492055023341   | 22.949211530524497  |-2.399749755859375   |[10.125525951385498, 72.98822784423828]  |[90.0, 7.5]  |   16.886231208239398  |[73.36255836486816, 10.387964725494385] |[60.0, 7.499999999999998] | 6.398248856020948 | [60.  67.5 75.  82.5 90. ] | [90.0, 7.5]
51    |-5.784380490298303   | 22.850888771503385  |-2.999752163887024   |[10.387964725494385, 73.36255836486816]  |[90.0, 7.5]  |   16.550767813110546  |[73.74778938293457, 10.629467248916626] |[60.0, 7.499999999999998] | 6.362011641092817 | [60.  67.5 75.  82.5 90. ] | [90.0, 7.5]
52    |-5.556638104811667   | 22.72147014676006  |-3.599756956100464   |[10.629467248916626, 73.74778938293457]  |[90.0, 7.5]  |   16.205244956662614  |[74.14397811889648, 10.84612226486206] |[60.0, 7.499999999999998] | 6.316774907190919 | [60.  67.5 75.  82.5 90. ] | [90.0, 7.5]
53    |-5.276066773771276   | 22.55991038282471  |-4.199765920639038   |[10.84612226486206, 74.14397811889648]  |[90.0, 7.5]  |   15.848518178041147  |[74.55050468444824, 11.033924579620361] |[60.0, 7.499999999999998] | 6.262209224764509 | [60.  67.5 75.  82.5 90. ] | [90.0, 7.5]
54    |-4.939641134392445   | 22.36503294558753  |-4.199780821800232   |[11.033924579620361, 74.55050468444824]  |[90.0, 7.5]  |   15.48494934521672  |[74.96396255493164, 11.201517820358276] |[60.0, 7.499999999999998] | 6.238604138451699 | [60.  67.5 75.  82.5 90. ] | [90.0, 7.5]
55    |-4.435789734224726   | 22.28072906589892  |-4.1997963190078735   |[11.201517820358276, 74.96396255493164]  |[90.0, 7.5]  |   15.114421772190594  |[75.38383865356445, 11.348840475082397] |[60.0, 7.499999999999998] | 6.221976018464001 | [60.  67.5 75.  82.5 90. ] | [90.0, 7.5]
56    |-4.070239665559938   | 22.221342923085714  |-4.199814796447754   |[11.348840475082397, 75.38383865356445]  |[90.0, 7.5]  |   14.736907365972101  |[75.80927276611328, 11.474883556365967] |[60.0, 7.499999999999998] | 6.204068278358517 | [60.  67.5 75.  82.5 90. ] | [90.0, 7.5]
57    |-3.682929375130924   | 22.157386708423275  |-4.199835658073425   |[11.474883556365967, 75.80927276611328]  |[90.0, 7.5]  |   14.35219215700843  |[76.2396240234375, 11.578905820846558] |[60.0, 7.499999999999998] | 6.190341461378239 | [60.  67.5 75.  82.5 90. ] | [90.0, 7.5]
58    |-3.259095344384604   | 22.108362362065137  |-4.199857413768768   |[11.578905820846558, 76.2396240234375]  |[90.0, 7.5]  |   13.96037339145999  |[76.67391014099121, 11.660210847854614] |[60.0, 7.499999999999998] | 6.1773121213390745 | [60.  67.5 75.  82.5 90. ] | [90.0, 7.5]
59    |-2.834145482909661   | 22.061829004782407  |-4.199880957603455   |[11.660210847854614, 76.67391014099121]  |[90.0, 7.5]  |   13.561614820455087  |[77.1111068725586, 11.718273401260376] |[60.0, 7.499999999999998] | 6.166092783260642 | [60.  67.5 75.  82.5 90. ] | [90.0, 7.5]
60    |-2.340969013513585   | 22.021759940216576  |-4.199905097484589   |[11.718273401260376, 77.1111068725586]  |[90.0, 7.5]  |   13.156218902083157  |[77.5500659942627, 11.752674341201782] |[60.0, 7.499999999999998] | 6.1557892636366836 | [60.  67.5 75.  82.5 90. ] | [90.0, 7.5]
61    |-1.9439465339214612   | 21.984961655845296  |-3.599930703639984   |[11.752674341201782, 77.5500659942627]  |[90.0, 7.5]  |   12.747109681565295  |[77.99145126342773, 11.775928258895874] |[60.0, 7.499999999999998] | 6.181411429690246 | [60.  67.5 75.  82.5 90. ] | [90.0, 7.5]
62    |-1.5880525721211702   | 22.076469391750877  |-2.999947667121887   |[11.775928258895874, 77.99145126342773]  |[90.0, 7.5]  |   12.335456061524502  |[78.43506813049316, 11.791366577148438] |[60.0, 7.499999999999998] | 6.209510218581538 | [60.  67.5 75.  82.5 90. ] | [90.0, 7.5]
63    |-1.1271070690895604   | 22.176822209219775  |-2.399960905313492   |[11.791366577148438, 78.43506813049316]  |[90.0, 7.5]  |   11.922583434728722  |[78.88041305541992, 11.801486015319824] |[60.0, 7.499999999999998] | 6.233004128932125 | [60.  67.5 75.  82.5 90. ] | [90.0, 7.5]
64    |-0.8472068389212941   | 22.260729031900443  |-1.7999690771102905   |[11.801486015319824, 78.88041305541992]  |[90.0, 7.5]  |   11.509767760538466  |[79.32724380493164, 11.808947563171387] |[60.0, 7.499999999999998] | 6.254578153335477 | [60.  67.5 75.  82.5 90. ] | [90.0, 7.5]
65    |-0.627125808907464   | 22.337779119055273  |-1.1999736726284027   |[11.808947563171387, 79.32724380493164]  |[90.0, 7.5]  |   11.098628525678519  |[79.7751636505127, 11.816512107849121] |[60.0, 7.499999999999998] | 6.270755776306647 | [60.  67.5 75.  82.5 90. ] | [90.0, 7.5]
66    |-0.45693510177952046   | 22.395556343952308  |-0.5999762192368507   |[11.816512107849121, 79.7751636505127]  |[90.0, 7.5]  |   10.6910815704429  |[80.22373390197754, 11.82710599899292] |[60.0, 7.499999999999998] | 6.281342528549459 | [60.  67.5 75.  82.5 90. ] | [90.0, 7.5]
67    |-0.33737590475821744   | 22.433366173390922  |2.3767352104187012e-05   |[11.82710599899292, 80.22373390197754]  |[90.0, 7.5]  |   10.289463400559935  |[80.67236709594727, 11.843768119812012] |[60.0, 7.499999999999998] | 6.285283565747698 | [60.  67.5 75.  82.5 90. ] | [90.0, 7.5]
68    |-0.27216118621821206   | 22.447441306241778  |0.6000235304236412   |[11.843768119812012, 80.67236709594727]  |[90.0, 7.5]  |   9.896572658235344  |[81.1203384399414, 11.869640827178955] |[60.0, 7.499999999999998] | 6.282102534316785 | [60.  67.5 75.  82.5 90. ] | [90.0, 7.5]
69    |-0.26139952815109435   | 22.4360804797028  |1.2000235170125961   |[11.869640827178955, 81.1203384399414]  |[90.0, 7.5]  |   9.515811017292135  |[81.56667709350586, 11.907916069030762] |[60.0, 7.499999999999998] | 6.271351767763272 | [60.  67.5 75.  82.5 90. ] | [90.0, 7.5]
70    |-0.30729741738915006   | 22.397684884868827  |1.8000231683254242   |[11.907916069030762, 81.56667709350586]  |[90.0, 7.5]  |   9.151278018099458  |[82.0101089477539, 11.961785554885864] |[60.0, 7.499999999999998] | 6.252699186101822 | [60.  67.5 75.  82.5 90. ] | [90.0, 7.5]
71    |-0.4484692103425365   | 22.33106852179222  |2.400023341178894   |[11.961785554885864, 82.0101089477539]  |[90.0, 7.5]  |   8.807484241138795  |[82.44923210144043, 12.034058094024658] |[60.0, 7.499999999999998] | 6.22850086831875 | [60.  67.5 75.  82.5 90. ] | [90.0, 7.5]
72    |-0.605508424206973   | 22.244645958281247  |3.000025153160095   |[12.034058094024658, 82.44923210144043]  |[90.0, 7.5]  |   8.488404317257116  |[82.88311958312988, 12.12633991241455] |[60.0, 7.499999999999998] | 6.20725470474329 | [60.  67.5 75.  82.5 90. ] | [90.0, 7.5]
73    |-0.8190174122619132   | 22.168766802654606  |3.6000287532806396   |[12.12633991241455, 82.88311958312988]  |[90.0, 7.5]  |   8.199311404604753  |[83.3099193572998, 12.240414381027222] |[60.0, 7.499999999999998] | 6.180530601708727 | [60.  67.5 75.  82.5 90. ] | [90.0, 7.5]
74    |-1.0710572900449469   | 22.073323577531166  |4.200035929679871   |[12.240414381027222, 83.3099193572998]  |[90.0, 7.5]  |   7.945717915510498  |[83.72754669189453, 12.377577543258667] |[60.0, 7.499999999999998] | 6.148289845648228 | [60.  67.5 75.  82.5 90. ] | [90.0, 7.5]
75    |-1.3950215001497517   | 21.95817802017224  |4.200047850608826   |[12.377577543258667, 83.72754669189453]  |[90.0, 7.5]  |   7.728904947218513  |[84.13597297668457, 12.534794807434082] |[60.0, 7.499999999999998] | 6.120586669004509 | [60.  67.5 75.  82.5 90. ] | [90.0, 7.5]
76    |-1.7135549112989983   | 21.85923810358753  |4.200061559677124   |[12.534794807434082, 84.13597297668457]  |[90.0, 7.5]  |   7.551047420494954  |[84.53465843200684, 12.710408687591553] |[60.0, 7.499999999999998] | 6.092223605134826 | [60.  67.5 75.  82.5 90. ] | [90.0, 7.5]
77    |-2.0440058798146046   | 21.757941446910092  |4.200077652931213   |[12.710408687591553, 84.53465843200684]  |[90.0, 7.5]  |   7.415053408596739  |[84.92297172546387, 12.904331684112549] |[60.0, 7.499999999999998] | 6.0694589744473655 | [60.  67.5 75.  82.5 90. ] | [90.0, 7.5]
78    |-2.399678655744977   | 21.676639194454875  |4.200094044208527   |[12.904331684112549, 84.92297172546387]  |[90.0, 7.5]  |   7.323575074050311  |[85.3000373840332, 13.11650276184082] |[60.0, 7.499999999999998] | 6.049848851162479 | [60.  67.5 75.  82.5 90. ] | [90.0, 7.5]
79    |-2.9155148917634355   | 21.606603039865995  |4.2001137137413025   |[13.11650276184082, 85.3000373840332]  |[90.0, 7.5]  |   7.278579039809306  |[85.66492462158203, 13.346779823303223] |[60.0, 7.499999999999998] | 6.0329691244443335 | [60.  67.5 75.  82.5 90. ] | [90.0, 7.5]
80    |-3.2899871591650216   | 21.546318301586904  |4.200133383274078   |[13.346779823303223, 85.66492462158203]  |[90.0, 7.5]  |   7.2811006438832715  |[86.01667213439941, 13.594877004623413] |[60.0, 7.499999999999998] | 6.018308407090824 | [60.  67.5 75.  82.5 90. ] | [90.0, 7.5]
81    |-3.6566388794424105   | 21.493958596752943  |4.200154542922974   |[13.594877004623413, 86.01667213439941]  |[90.0, 7.5]  |   7.3311323806365944  |[86.35431480407715, 13.860383749008179] |[60.0, 7.499999999999998] | 6.005461422281821 | [60.  67.5 75.  82.5 90. ] | [90.0, 7.5]
82    |-4.039323751663786   | 21.448076508149356  |3.6001765727996826   |[13.860383749008179, 86.35431480407715]  |[90.0, 7.5]  |   7.417374350242279  |[86.68542671203613, 14.135589361190796] |[60.0, 7.499999999999998] | 6.021448438083232 | [60.  67.5 75.  82.5 90. ] | [90.0, 7.5]
83    |-4.389077041509252   | 21.5051729931544  |3.0001920461654663   |[14.135589361190796, 86.68542671203613]  |[90.0, 7.5]  |   7.534633891209721  |[87.01336479187012, 14.417421340942383] |[60.0, 7.499999999999998] | 6.048971938971185 | [60.  67.5 75.  82.5 90. ] | [90.0, 7.5]
84    |-4.758791816827837   | 21.603471210611374  |2.4002033472061157   |[14.417421340942383, 87.01336479187012]  |[90.0, 7.5]  |   7.679296746897613  |[87.33943176269531, 14.703677892684937] |[60.0, 7.499999999999998] | 6.0712770035240045 | [60.  67.5 75.  82.5 90. ] | [90.0, 7.5]
85    |-5.017358194192169   | 21.68313215544287  |1.800209879875183   |[14.703677892684937, 87.33943176269531]  |[90.0, 7.5]  |   7.847749389748719  |[87.66518211364746, 14.992382526397705] |[60.0, 7.499999999999998] | 6.091891449350872 | [60.  67.5 75.  82.5 90. ] | [90.0, 7.5]
86    |-5.232897248884725   | 21.75675517625311  |1.2002146244049072   |[14.992382526397705, 87.66518211364746]  |[90.0, 7.5]  |   8.036238326566195  |[87.99209022521973, 15.281351089477539] |[60.0, 7.499999999999998] | 6.1074550958118445 | [60.  67.5 75.  82.5 90. ] | [90.0, 7.5]
87    |-5.398646453979082   | 21.812339627899444  |0.6002175807952881   |[15.281351089477539, 87.99209022521973]  |[90.0, 7.5]  |   8.24096970878731  |[88.32170486450195, 15.568265438079834] |[60.0, 7.499999999999998] | 6.11763084278736 | [60.  67.5 75.  82.5 90. ] | [90.0, 7.5]
88    |-5.58539902589149   | 21.848681581383428  |0.00021755695343017578   |[15.568265438079834, 88.32170486450195]  |[90.0, 7.5]  |   8.458171978801165  |[88.6555404663086, 15.850634813308716] |[60.0, 7.499999999999998] | 6.121411101251282 | [60.  67.5 75.  82.5 90. ] | [90.0, 7.5]
89    |-5.651293866435423   | 21.862182504468862  |-0.5997830629348755   |[15.850634813308716, 88.6555404663086]  |[90.0, 7.5]  |   8.684128879710062  |[88.99506378173828, 16.125786781311035] |[60.0, 7.499999999999998] | 6.118298350075632 | [60.  67.5 75.  82.5 90. ] | [90.0, 7.5]
90    |-5.660899569829838   | 21.851065535984397  |-1.1997830867767334   |[16.125786781311035, 88.99506378173828]  |[90.0, 7.5]  |   8.91520734947046  |[89.34160614013672, 16.390862703323364] |[60.0, 7.499999999999998] | 6.1078462812576495 | [60.  67.5 75.  82.5 90. ] | [90.0, 7.5]
91    |-5.611571089208838   | 21.813736718777317  |-1.7997825145721436   |[16.390862703323364, 89.34160614013672]  |[90.0, 7.5]  |   9.14785000361728  |[89.69627571105957, 16.64280652999878] |[60.0, 7.499999999999998] | 6.089726964174004 | [60.  67.5 75.  82.5 90. ] | [90.0, 7.5]
92    |-5.439601565599703   | 21.749024872050015  |-2.3997825384140015   |[16.64280652999878, 89.69627571105957]  |[90.0, 7.5]  |   9.37857293525369  |[90.05988693237305, 16.878381729125977] |[60.0, 7.499999999999998] | 6.063664072330876 | [60.  67.5 75.  82.5 90. ] | [90.0, 7.5]
93    |-5.223036306820775   | 21.655943115467412  |-2.9997849464416504   |[16.878381729125977, 90.05988693237305]  |[90.0, 7.5]  |   9.605850268579207  |[90.43281364440918, 17.096094608306885] |[60.0, 7.499999999999998] | 6.042395150481151 | [60.  67.5 75.  82.5 90. ] | [90.0, 7.5]
94    |-4.933508529348416   | 21.579982680289824  |-3.599788248538971   |[17.096094608306885, 90.43281364440918]  |[90.0, 7.5]  |   9.827308188183496  |[90.81491279602051, 17.29346227645874] |[60.0, 7.499999999999998] | 6.016500672262103 | [60.  67.5 75.  82.5 90. ] | [90.0, 7.5]
95    |-4.568866691770553   | 21.48750240093608  |-4.199795722961426   |[17.29346227645874, 90.81491279602051]  |[90.0, 7.5]  |   10.04050135343634  |[91.20572280883789, 17.467843294143677] |[60.0, 7.499999999999998] | 5.985426345733478 | [60.  67.5 75.  82.5 90. ] | [90.0, 7.5]
96    |-3.886219205927092   | 21.376522663333848  |-4.199807047843933   |[17.467843294143677, 91.20572280883789]  |[90.0, 7.5]  |   10.24844591531748  |[91.60254287719727, 17.622376203536987] |[60.0, 7.499999999999998] | 5.955517530327049 | [60.  67.5 75.  82.5 90. ] | [90.0, 7.5]
97    |-3.4223067740966266   | 21.269705465453747  |-4.199819564819336   |[17.622376203536987, 91.60254287719727]  |[120.0, 7.5]  |   29.81578500286796  |[92.00428009033203, 17.75771427154541] |[90.0, 7.5] | 5.928180467409738 | [ 90.   97.5 105.  112.5 120. ] | [120.0, 7.5]
98    |-3.006620312346116   | 21.172073097891918  |-4.199834167957306   |[17.75771427154541, 92.00428009033203]  |[120.0, 7.5]  |   29.47521936475313  |[92.41050338745117, 17.873438835144043] |[90.0, 7.5] | 5.906393993152539 | [ 90.   97.5 105.  112.5 120. ] | [120.0, 7.5]
99    |-2.6399009255555947   | 21.094264261259067  |-4.199849963188171   |[17.873438835144043, 92.41050338745117]  |[120.0, 7.5]  |   29.125958190098586  |[92.82058143615723, 17.969032764434814] |[90.0, 7.5] | 5.887689593312671 | [ 90.   97.5 105.  112.5 120. ] | [120.0, 7.5]
100    |-2.2695444476604516   | 21.027462833259538  |-4.19986754655838   |[17.969032764434814, 92.82058143615723]  |[120.0, 7.5]  |   28.768139425423442  |[93.23378944396973, 18.043994426727295] |[90.0, 7.5] | 5.871655533879729 | [ 90.   97.5 105.  112.5 120. ] | [120.0, 7.5]
101    |-1.8783661185763103   | 20.970198335284746  |-4.199885427951813   |[18.043994426727295, 93.23378944396973]  |[120.0, 7.5]  |   28.402053160259932  |[93.64927291870117, 18.097915172576904] |[90.0, 7.5] | 5.85780084983604 | [ 90.   97.5 105.  112.5 120. ] | [120.0, 7.5]
102    |-1.4869109187997092   | 20.920717320842996  |-4.1999053955078125   |[18.097915172576904, 93.64927291870117]  |[120.0, 7.5]  |   28.028078598530648  |[94.06611633300781, 18.13046884536743] |[90.0, 7.5] | 5.845687055610657 | [ 90.   97.5 105.  112.5 120. ] | [120.0, 7.5]
103    |-1.1019012928991296   | 20.87745377003806  |-4.199926257133484   |[18.13046884536743, 94.06611633300781]  |[120.0, 7.5]  |   27.64670213184367  |[94.48333168029785, 18.141417980194092] |[90.0, 7.5] | 5.834983967729592 | [ 90.   97.5 105.  112.5 120. ] | [120.0, 7.5]
104    |-0.7318997178898607   | 20.83922845617711  |-3.599947690963745   |[18.141417980194092, 94.48333168029785]  |[120.0, 7.5]  |   27.260984583795786  |[94.90213394165039, 18.142292976379395] |[90.0, 7.5] | 5.85698931988238 | [ 90.   97.5 105.  112.5 120. ] | [120.0, 7.5]
105    |-0.37824523582082836   | 20.917818999579925  |-2.9999619722366333   |[18.142292976379395, 94.90213394165039]  |[120.0, 7.5]  |   26.872043115580144  |[95.32271003723145, 18.136637687683105] |[90.0, 7.5] | 5.883929081831075 | [ 90.   97.5 105.  112.5 120. ] | [120.0, 7.5]
106    |0.11133350608508774   | 21.01403243511098  |-2.3999738693237305   |[18.136637687683105, 95.32271003723145]  |[120.0, 7.5]  |   26.481102449892074  |[95.74469947814941, 18.126814365386963] |[90.0, 7.5] | 5.906214661326936 | [ 90.   97.5 105.  112.5 120. ] | [120.0, 7.5]
107    |0.3802390996280556   | 21.09362379045334  |-1.7999804019927979   |[18.126814365386963, 95.74469947814941]  |[120.0, 7.5]  |   26.089212425591835  |[96.16800689697266, 18.115230083465576] |[90.0, 7.5] | 5.926648407209527 | [ 90.   97.5 105.  112.5 120. ] | [120.0, 7.5]
108    |0.6029655750620853   | 21.166601454319736  |-1.1999844014644623   |[18.115230083465576, 96.16800689697266]  |[120.0, 7.5]  |   25.697665774574205  |[96.59237289428711, 18.104386806488037] |[90.0, 7.5] | 5.941979230735295 | [ 90.   97.5 105.  112.5 120. ] | [120.0, 7.5]
109    |0.7641538159972177   | 21.221354395483193  |-0.5999859422445297   |[18.104386806488037, 96.59237289428711]  |[120.0, 7.5]  |   25.307933344863738  |[97.01747131347656, 18.096927165985107] |[90.0, 7.5] | 5.951987600626932 | [ 90.   97.5 105.  112.5 120. ] | [120.0, 7.5]
110    |0.8789135389363016   | 21.257098573667612  |1.3504177331924438e-05   |[18.096927165985107, 97.01747131347656]  |[120.0, 7.5]  |   24.921688215876713  |[97.44287490844727, 18.095595836639404] |[90.0, 7.5] | 5.955699242085935 | [ 90.   97.5 105.  112.5 120. ] | [120.0, 7.5]
111    |0.9406248296729407   | 21.270354436021197  |0.6000133976340294   |[18.095595836639404, 97.44287490844727]  |[120.0, 7.5]  |   24.540869114437818  |[97.86799240112305, 18.103230476379395] |[90.0, 7.5] | 5.952660025951917 | [ 90.   97.5 105.  112.5 120. ] | [120.0, 7.5]
112    |0.9509785360792256   | 21.259500092685414  |1.2000137567520142   |[18.103230476379395, 97.86799240112305]  |[120.0, 7.5]  |   24.16770930088504  |[98.29203033447266, 18.122722148895264] |[90.0, 7.5] | 5.942459999240103 | [ 90.   97.5 105.  112.5 120. ] | [120.0, 7.5]
113    |0.9063239330303707   | 21.22307142585751  |1.800013929605484   |[18.122722148895264, 98.29203033447266]  |[120.0, 7.5]  |   23.80480913255462  |[98.71390533447266, 18.15697479248047] |[90.0, 7.5] | 5.9247936771549945 | [ 90.   97.5 105.  112.5 120. ] | [120.0, 7.5]
114    |0.8069176855528957   | 21.159977418410694  |1.200014054775238   |[18.15697479248047, 98.71390533447266]  |[120.0, 7.5]  |   23.440660703404077  |[99.1364917755127, 18.185438632965088] |[90.0, 7.5] | 5.929357352525668 | [ 90.   97.5 105.  112.5 120. ] | [120.0, 7.5]
115    |0.738638681347509   | 21.17627625902024  |1.8000143766403198   |[18.185438632965088, 99.1364917755127]  |[120.0, 7.5]  |   23.087010942216796  |[99.55695343017578, 18.228090286254883] |[90.0, 7.5] | 5.915424493512594 | [ 90.   97.5 105.  112.5 120. ] | [120.0, 7.5]
116    |0.5925931587707671   | 21.126516048259262  |2.4000152945518494   |[18.228090286254883, 99.55695343017578]  |[120.0, 7.5]  |   22.748402785008036  |[99.97319412231445, 18.28966522216797] |[90.0, 7.5] | 5.888760812651721 | [ 90.   97.5 105.  112.5 120. ] | [120.0, 7.5]
117    |0.40431155288334164   | 21.031288616613285  |3.0000168085098267   |[18.28966522216797, 99.97319412231445]  |[120.0, 7.5]  |   22.427314499161405  |[100.38409614562988, 18.37201690673828] |[90.0, 7.5] | 5.863786218557131 | [ 90.   97.5 105.  112.5 120. ] | [120.0, 7.5]
118    |0.1747788764498912   | 20.942093637704037  |3.600021004676819   |[18.37201690673828, 100.38409614562988]  |[120.0, 7.5]  |   22.126073209654148  |[100.78829574584961, 18.476043701171875] |[90.0, 7.5] | 5.838564043160239 | [ 90.   97.5 105.  112.5 120. ] | [120.0, 7.5]
119    |-0.1116798102909522   | 20.852014439857992  |4.200029075145721   |[18.476043701171875, 100.78829574584961]  |[120.0, 7.5]  |   21.847709819724233  |[101.18384170532227, 18.602910041809082] |[90.0, 7.5] | 5.809465893219653 | [ 90.   97.5 105.  112.5 120. ] | [120.0, 7.5]
120    |-0.437059292598037   | 20.748092475784475  |4.2000409960746765   |[18.602910041809082, 101.18384170532227]  |[120.0, 7.5]  |   21.59067717103006  |[101.57082557678223, 18.748238563537598] |[90.0, 7.5] | 5.780711995497114 | [ 90.   97.5 105.  112.5 120. ] | [120.0, 7.5]
121    |-0.7641850603681926   | 20.645399983918264  |4.2000532150268555   |[18.748238563537598, 101.57082557678223]  |[120.0, 7.5]  |   21.35521229945075  |[101.94903755187988, 18.910865306854248] |[90.0, 7.5] | 5.756880658655127 | [ 90.   97.5 105.  112.5 120. ] | [120.0, 7.5]
122    |-1.1068315931335357   | 20.56028806662545  |4.200067818164825   |[18.910865306854248, 101.94903755187988]  |[120.0, 7.5]  |   21.142406444809325  |[102.3178882598877, 19.090697765350342] |[90.0, 7.5] | 5.737689461819772 | [ 90.   97.5 105.  112.5 120. ] | [120.0, 7.5]
123    |-1.4705740530928049   | 20.491748077927756  |4.200083911418915   |[19.090697765350342, 102.3178882598877]  |[120.0, 7.5]  |   20.95347136894046  |[102.67660903930664, 19.28762435913086] |[90.0, 7.5] | 5.721533002604765 | [ 90.   97.5 105.  112.5 120. ] | [120.0, 7.5]
124    |-1.8323704995820842   | 20.43404643787416  |4.200101792812347   |[19.28762435913086, 102.67660903930664]  |[120.0, 7.5]  |   20.789609865325637  |[103.02435493469238, 19.50147294998169] |[90.0, 7.5] | 5.707587387778125 | [ 90.   97.5 105.  112.5 120. ] | [120.0, 7.5]
125    |-2.201701208672916   | 20.38424067063616  |4.200120568275452   |[19.50147294998169, 103.02435493469238]  |[120.0, 7.5]  |   20.6519037505597  |[103.36027526855469, 19.731953620910645] |[90.0, 7.5] | 5.695567308322749 | [ 90.   97.5 105.  112.5 120. ] | [120.0, 7.5]
126    |-2.7859040179547216   | 20.341311815438388  |4.200139343738556   |[19.731953620910645, 103.36027526855469]  |[120.0, 7.5]  |   20.5412744400126  |[103.68353271484375, 19.97865581512451] |[90.0, 7.5] | 5.685115031715781 | [ 90.   97.5 105.  112.5 120. ] | [120.0, 7.5]
127    |-3.161736991258153   | 20.303982256127785  |4.200159311294556   |[19.97865581512451, 103.68353271484375]  |[120.0, 7.5]  |   20.458233005640626  |[103.9935188293457, 20.240952014923096] |[90.0, 7.5] | 5.676900674678158 | [ 90.   97.5 105.  112.5 120. ] | [120.0, 7.5]
128    |-3.549102701366423   | 20.274645266707704  |3.6001813411712646   |[20.240952014923096, 103.9935188293457]  |[120.0, 7.5]  |   20.391453692322102  |[104.29890441894531, 20.511033058166504] |[90.0, 7.5] | 5.701424866994417 | [ 90.   97.5 105.  112.5 120. ] | [120.0, 7.5]
129    |-3.878940002995109   | 20.3622316678372  |3.0001944303512573   |[20.511033058166504, 104.29890441894531]  |[120.0, 7.5]  |   20.338280785913486  |[104.60165977478027, 20.786714553833008] |[90.0, 7.5] | 5.727886527293447 | [ 90.   97.5 105.  112.5 120. ] | [120.0, 7.5]
130    |-4.164015032581234   | 20.456737597476593  |2.4002045392990112   |[20.786714553833008, 104.60165977478027]  |[120.0, 7.5]  |   20.296762690880698  |[104.90299987792969, 21.06610345840454] |[90.0, 7.5] | 5.749930061849526 | [ 90.   97.5 105.  112.5 120. ] | [120.0, 7.5]
131    |-4.422558031233536   | 20.53546450660545  |1.8002104759216309   |[21.06610345840454, 104.90299987792969]  |[120.0, 7.5]  |   20.26478370812216  |[105.20438575744629, 21.34742784500122] |[90.0, 7.5] | 5.770057092195358 | [ 90.   97.5 105.  112.5 120. ] | [120.0, 7.5]
132    |-4.631290962158546   | 20.60734675784056  |1.2002140283584595   |[21.34742784500122, 105.20438575744629]  |[120.0, 7.5]  |   20.240108449188046  |[105.50718879699707, 21.628708839416504] |[90.0, 7.5] | 5.785101168944129 | [ 90.   97.5 105.  112.5 120. ] | [120.0, 7.5]
133    |-4.795426352351144   | 20.661075603371888  |0.6002157926559448   |[21.628708839416504, 105.50718879699707]  |[120.0, 7.5]  |   20.220338382663595  |[105.81283950805664, 21.907864570617676] |[90.0, 7.5] | 5.794912129601298 | [ 90.   97.5 105.  112.5 120. ] | [120.0, 7.5]
134    |-4.912759001429522   | 20.69611474857606  |0.00021576881408691406   |[21.907864570617676, 105.81283950805664]  |[120.0, 7.5]  |   20.20293482289294  |[106.12273788452148, 22.18264865875244] |[90.0, 7.5] | 5.7985428872300355 | [ 90.   97.5 105.  112.5 120. ] | [120.0, 7.5]
135    |-4.977073391093058   | 20.70908174010727  |-0.599784255027771   |[22.18264865875244, 106.12273788452148]  |[120.0, 7.5]  |   20.1852298201333  |[106.43824005126953, 22.450657844543457] |[90.0, 7.5] | 5.795579809813451 | [ 90.   97.5 105.  112.5 120. ] | [120.0, 7.5]
136    |-4.988661714431976   | 20.698499320762323  |-1.199784278869629   |[22.450657844543457, 106.43824005126953]  |[120.0, 7.5]  |   20.164473070735585  |[106.76056480407715, 22.709317207336426] |[90.0, 7.5] | 5.785630956909829 | [ 90.   97.5 105.  112.5 120. ] | [120.0, 7.5]
137    |-4.946301633919595   | 20.662967703249386  |-1.7997843027114868   |[22.709317207336426, 106.76056480407715]  |[120.0, 7.5]  |   20.137840487725573  |[107.09076118469238, 22.955878257751465] |[90.0, 7.5] | 5.768414352375703 | [ 90.   97.5 105.  112.5 120. ] | [120.0, 7.5]
138    |-4.773314012946478   | 20.601479829913224  |-2.3997846245765686   |[22.955878257751465, 107.09076118469238]  |[120.0, 7.5]  |   20.102494189279227  |[107.42959785461426, 23.187423706054688] |[90.0, 7.5] | 5.7436905864129315 | [ 90.   97.5 105.  112.5 120. ] | [120.0, 7.5]
139    |-4.61027670636411   | 20.51318066576047  |-2.999785542488098   |[23.187423706054688, 107.42959785461426]  |[120.0, 7.5]  |   20.056466938856218  |[107.77744102478027, 23.401915550231934] |[90.0, 7.5] | 5.718306842281882 | [ 90.   97.5 105.  112.5 120. ] | [120.0, 7.5]
140    |-4.3907045964721965   | 20.422524436721005  |-3.5997888445854187   |[23.401915550231934, 107.77744102478027]  |[120.0, 7.5]  |   19.998180347144896  |[108.1342601776123, 23.597559928894043] |[90.0, 7.5] | 5.692794212594335 | [ 90.   97.5 105.  112.5 120. ] | [120.0, 7.5]
141    |-4.078793504542879   | 20.331407902122624  |-4.199794232845306   |[23.597559928894043, 108.1342601776123]  |[120.0, 7.5]  |   19.925751606562567  |[108.49964332580566, 23.771981239318848] |[90.0, 7.5] | 5.662648424036726 | [ 90.   97.5 105.  112.5 120. ] | [120.0, 7.5]
